SF:lib\data\datasources\movie\movie_local_data_source.dart
DA:17,1
DA:19,1
DA:22,2
DA:25,2
DA:29,1
DA:32,2
DA:35,2
DA:39,1
DA:41,2
DA:43,1
DA:49,1
DA:51,2
DA:52,4
DA:55,1
DA:57,2
DA:58,1
DA:59,4
DA:61,1
DA:65,1
DA:67,2
DA:68,2
LF:21
LH:21
end_of_record
SF:lib\utils\exception.dart
DA:6,4
DA:12,4
LF:2
LH:2
end_of_record
SF:lib\data\models\movie\movie_table.dart
DA:13,12
DA:20,2
DA:21,1
DA:22,1
DA:23,1
DA:24,1
DA:27,2
DA:28,1
DA:29,1
DA:30,1
DA:31,1
DA:34,2
DA:35,1
DA:36,1
DA:37,1
DA:38,1
DA:41,0
DA:42,0
DA:43,0
DA:44,0
DA:45,0
DA:48,2
DA:49,1
DA:50,1
DA:51,1
DA:52,1
DA:55,2
DA:56,10
LF:28
LH:23
end_of_record
SF:lib\data\models\tv\tv_table.dart
DA:13,12
DA:20,2
DA:21,1
DA:22,1
DA:23,1
DA:24,1
DA:27,2
DA:28,1
DA:29,1
DA:30,1
DA:31,1
DA:34,2
DA:35,1
DA:36,1
DA:37,1
DA:38,1
DA:41,0
DA:42,0
DA:43,0
DA:44,0
DA:45,0
DA:48,2
DA:49,1
DA:50,1
DA:51,1
DA:52,1
DA:55,2
DA:56,10
LF:28
LH:23
end_of_record
SF:lib\domain\entities\genre.dart
DA:4,14
DA:12,4
DA:13,12
LF:3
LH:3
end_of_record
SF:lib\domain\entities\movie\movie.dart
DA:5,9
DA:21,1
DA:42,8
DA:43,8
DA:44,8
DA:45,8
DA:46,8
DA:47,8
DA:48,8
DA:49,8
DA:50,8
DA:51,8
DA:52,8
DA:53,8
DA:54,8
DA:55,8
DA:56,8
LF:17
LH:17
end_of_record
SF:lib\domain\entities\movie\movie_detail.dart
DA:6,12
DA:34,2
DA:35,2
DA:36,2
DA:37,2
DA:38,2
DA:39,2
DA:40,2
DA:41,2
DA:42,2
DA:43,2
DA:44,2
DA:45,2
DA:46,2
LF:14
LH:14
end_of_record
SF:lib\domain\entities\tv\tv.dart
DA:5,9
DA:20,1
DA:40,8
DA:41,8
DA:42,8
DA:43,8
DA:44,8
DA:45,8
DA:46,8
DA:47,8
DA:48,8
DA:49,8
DA:50,8
DA:51,8
DA:52,8
DA:53,8
LF:16
LH:16
end_of_record
SF:lib\domain\entities\tv\tv_detail.dart
DA:6,12
DA:28,2
DA:29,2
DA:30,2
DA:31,2
DA:32,2
DA:33,2
DA:34,2
DA:35,2
DA:36,2
DA:37,2
DA:38,2
LF:12
LH:12
end_of_record
SF:lib\data\datasources\db\database_helper.dart
DA:11,0
DA:15,0
DA:19,0
DA:20,0
DA:29,0
DA:30,0
DA:31,0
DA:33,0
DA:36,0
DA:37,0
DA:42,0
DA:43,0
DA:51,0
DA:52,0
DA:60,0
DA:61,0
DA:70,0
DA:71,0
DA:80,0
DA:83,0
DA:85,0
DA:86,0
DA:87,0
DA:88,0
DA:89,0
DA:90,0
DA:95,0
DA:97,0
DA:98,0
DA:99,0
DA:100,0
DA:101,0
DA:102,0
DA:107,0
DA:108,0
DA:109,0
DA:112,0
DA:118,0
DA:119,0
DA:120,0
DA:123,0
DA:129,0
DA:130,0
DA:131,0
DA:134,0
DA:138,0
DA:139,0
DA:140,0
DA:143,0
DA:147,0
DA:148,0
DA:149,0
DA:152,0
DA:153,0
DA:154,0
DA:157,0
DA:158,0
DA:159,0
DA:162,0
DA:166,0
DA:167,0
DA:168,0
DA:171,0
DA:175,0
DA:176,0
DA:177,0
DA:180,0
DA:183,0
DA:184,0
DA:190,0
DA:191,0
DA:192,0
DA:195,0
DA:198,0
DA:199,0
DA:205,0
DA:206,0
DA:207,0
DA:212,0
DA:213,0
DA:214,0
LF:81
LH:0
end_of_record
SF:lib\data\datasources\movie\movie_remote_data_source.dart
DA:23,1
DA:25,1
DA:28,4
DA:30,2
DA:31,4
DA:33,1
DA:37,1
DA:40,4
DA:42,2
DA:43,3
DA:45,1
DA:49,1
DA:51,1
DA:52,3
DA:54,2
DA:55,4
DA:57,1
DA:61,1
DA:64,4
DA:66,2
DA:67,4
DA:69,1
DA:73,1
DA:76,4
DA:78,2
DA:79,4
DA:81,1
DA:85,1
DA:87,1
DA:88,3
DA:90,2
DA:91,4
DA:93,1
LF:33
LH:33
end_of_record
SF:lib\data\datasources\tv\tv_local_data_source.dart
DA:17,1
DA:19,1
DA:22,2
DA:25,2
DA:29,1
DA:32,2
DA:35,2
DA:39,1
DA:41,2
DA:43,1
DA:49,1
DA:51,2
DA:52,4
DA:55,1
DA:57,2
DA:58,1
DA:59,4
DA:61,1
DA:65,1
DA:67,2
DA:68,2
LF:21
LH:21
end_of_record
SF:lib\data\datasources\tv\tv_remote_data_source.dart
DA:23,1
DA:25,1
DA:28,4
DA:30,2
DA:31,4
DA:33,1
DA:37,1
DA:39,4
DA:41,2
DA:42,3
DA:44,1
DA:48,1
DA:50,2
DA:51,2
DA:54,2
DA:55,4
DA:57,1
DA:61,1
DA:63,2
DA:64,2
DA:67,2
DA:68,4
DA:70,1
DA:74,1
DA:76,1
DA:77,3
DA:79,2
DA:80,4
DA:82,1
DA:86,1
DA:88,1
DA:89,3
DA:91,2
DA:92,4
DA:94,1
LF:35
LH:35
end_of_record
SF:lib\data\models\movie\movie_detail_model.dart
DA:7,2
DA:53,1
DA:54,1
DA:55,1
DA:56,1
DA:57,1
DA:58,1
DA:59,2
DA:60,2
DA:63,1
DA:64,1
DA:65,1
DA:66,1
DA:67,1
DA:68,1
DA:69,2
DA:70,1
DA:71,1
DA:72,1
DA:73,1
DA:74,1
DA:75,1
DA:76,1
DA:77,1
DA:78,2
DA:79,1
DA:82,0
DA:83,0
DA:84,0
DA:85,0
DA:86,0
DA:87,0
DA:88,0
DA:91,0
DA:92,0
DA:93,0
DA:94,0
DA:95,0
DA:96,0
DA:97,0
DA:98,0
DA:99,0
DA:100,0
DA:101,0
DA:102,0
DA:103,0
DA:104,0
DA:105,0
DA:106,0
DA:107,0
DA:110,1
DA:111,1
DA:112,1
DA:113,1
DA:114,5
DA:115,1
DA:116,1
DA:117,1
DA:118,1
DA:119,1
DA:120,1
DA:121,1
DA:122,1
DA:123,1
DA:127,1
DA:128,1
DA:129,1
DA:130,1
DA:131,1
DA:132,1
DA:133,1
DA:134,1
DA:135,1
DA:136,1
DA:137,1
DA:138,1
DA:139,1
DA:140,1
DA:141,1
DA:142,1
DA:143,1
DA:144,1
DA:145,1
DA:146,1
DA:147,1
DA:148,1
DA:149,1
LF:87
LH:63
end_of_record
SF:lib\data\models\movie\movie_model.dart
DA:6,5
DA:36,4
DA:37,2
DA:38,2
DA:39,2
DA:40,6
DA:42,2
DA:43,2
DA:44,2
DA:45,4
DA:46,2
DA:47,2
DA:48,2
DA:49,2
DA:50,4
DA:51,2
DA:54,2
DA:55,1
DA:56,1
DA:57,1
DA:58,3
DA:60,1
DA:61,1
DA:62,1
DA:63,1
DA:64,1
DA:65,1
DA:66,1
DA:67,1
DA:68,1
DA:69,1
DA:72,2
DA:73,2
DA:74,2
DA:75,2
DA:76,2
DA:77,2
DA:78,2
DA:79,2
DA:80,2
DA:81,2
DA:82,2
DA:83,2
DA:84,2
DA:85,2
DA:86,2
DA:90,2
DA:91,2
DA:92,2
DA:93,2
DA:94,2
DA:95,2
DA:96,2
DA:97,2
DA:98,2
DA:99,2
DA:100,2
DA:101,2
DA:102,2
DA:103,2
DA:104,2
LF:61
LH:61
end_of_record
SF:lib\data\models\tv\tv_detail_model.dart
DA:7,2
DA:51,1
DA:52,1
DA:53,1
DA:54,1
DA:55,1
DA:56,2
DA:57,2
DA:60,1
DA:61,1
DA:62,1
DA:63,1
DA:64,1
DA:65,1
DA:66,1
DA:67,3
DA:69,1
DA:70,1
DA:71,1
DA:72,2
DA:73,1
DA:74,1
DA:75,1
DA:76,1
DA:77,2
DA:78,1
DA:81,0
DA:82,0
DA:83,0
DA:84,0
DA:85,0
DA:86,0
DA:89,0
DA:90,0
DA:91,0
DA:92,0
DA:93,0
DA:94,0
DA:95,0
DA:96,0
DA:98,0
DA:99,0
DA:100,0
DA:101,0
DA:102,0
DA:103,0
DA:104,0
DA:105,0
DA:106,0
DA:107,0
DA:110,1
DA:111,1
DA:112,1
DA:113,5
DA:114,1
DA:115,1
DA:116,1
DA:117,1
DA:118,1
DA:119,1
DA:120,1
DA:124,1
DA:125,1
DA:126,1
DA:127,1
DA:128,1
DA:129,1
DA:130,1
DA:131,1
DA:132,1
DA:133,1
DA:134,1
DA:135,1
DA:136,1
DA:137,1
DA:138,1
DA:139,1
DA:140,1
DA:141,1
DA:142,1
DA:143,1
DA:144,1
LF:82
LH:58
end_of_record
SF:lib\data\models\tv\tv_model.dart
DA:6,5
DA:33,4
DA:34,2
DA:35,2
DA:36,2
DA:37,6
DA:39,2
DA:40,2
DA:41,2
DA:42,2
DA:43,2
DA:44,4
DA:45,2
DA:46,4
DA:47,2
DA:50,2
DA:51,1
DA:52,1
DA:53,1
DA:54,3
DA:56,1
DA:57,1
DA:58,1
DA:59,1
DA:60,1
DA:61,1
DA:62,1
DA:63,1
DA:64,1
DA:67,2
DA:68,2
DA:69,2
DA:70,2
DA:71,2
DA:72,2
DA:73,2
DA:74,2
DA:75,2
DA:76,2
DA:77,2
DA:78,2
DA:79,2
DA:80,2
DA:84,2
DA:85,2
DA:86,2
DA:87,2
DA:88,2
DA:89,2
DA:90,2
DA:91,2
DA:92,2
DA:93,2
DA:94,2
DA:95,2
DA:96,2
DA:97,2
LF:57
LH:57
end_of_record
SF:lib\utils\failure.dart
DA:6,18
DA:8,2
DA:9,4
DA:13,16
DA:17,4
DA:21,6
DA:25,6
LF:7
LH:7
end_of_record
SF:lib\utils\network_info.dart
DA:10,0
DA:12,0
DA:13,0
LF:3
LH:0
end_of_record
SF:lib\utils\encrypt.dart
DA:3,0
DA:4,0
DA:5,0
DA:6,0
DA:8,0
DA:9,0
LF:6
LH:0
end_of_record
SF:lib\utils\constant.dart
DA:8,2
DA:9,6
LF:2
LH:2
end_of_record
SF:lib\data\models\movie\movie_response.dart
DA:8,3
DA:10,4
DA:11,2
DA:12,2
DA:13,2
DA:14,4
DA:16,2
DA:17,4
DA:22,2
DA:23,1
DA:24,2
DA:25,2
DA:30,1
DA:31,2
LF:14
LH:14
end_of_record
SF:lib\data\models\tv\tv_response.dart
DA:8,3
DA:10,4
DA:11,2
DA:12,2
DA:13,2
DA:14,4
DA:16,2
DA:17,4
DA:22,2
DA:23,1
DA:24,2
DA:25,2
DA:30,1
DA:31,2
LF:14
LH:14
end_of_record
SF:lib\data\models\genre_model.dart
DA:6,4
DA:14,4
DA:15,2
DA:16,2
DA:19,0
DA:20,0
DA:21,0
DA:24,2
DA:25,6
DA:28,2
DA:29,6
LF:11
LH:8
end_of_record
SF:lib\data\repositories\movie\movie_repository_impl.dart
DA:20,1
DA:26,1
DA:28,2
DA:30,2
DA:31,2
DA:32,4
DA:33,5
DA:34,1
DA:39,2
DA:40,5
DA:41,1
DA:42,3
DA:47,1
DA:50,2
DA:51,2
DA:52,1
DA:54,1
DA:59,1
DA:62,2
DA:63,3
DA:64,1
DA:66,1
DA:71,1
DA:74,2
DA:75,5
DA:76,1
DA:78,1
DA:83,1
DA:86,2
DA:87,5
DA:88,1
DA:90,1
DA:95,1
DA:98,2
DA:99,5
DA:100,1
DA:102,1
DA:107,1
DA:111,3
DA:112,1
DA:113,1
DA:114,3
DA:120,1
DA:124,3
DA:125,1
DA:126,1
DA:127,3
DA:131,1
DA:133,2
DA:137,1
DA:139,2
DA:140,5
LF:52
LH:52
end_of_record
SF:lib\data\repositories\tv\tv_repository_impl.dart
DA:20,1
DA:26,1
DA:28,2
DA:30,2
DA:31,2
DA:32,4
DA:33,5
DA:34,1
DA:39,2
DA:40,5
DA:41,1
DA:42,3
DA:47,1
DA:50,2
DA:51,5
DA:52,1
DA:54,1
DA:59,1
DA:62,2
DA:63,5
DA:64,1
DA:66,1
DA:71,1
DA:74,2
DA:75,3
DA:76,1
DA:78,1
DA:83,1
DA:86,2
DA:87,2
DA:88,1
DA:90,1
DA:95,1
DA:98,2
DA:99,5
DA:100,1
DA:102,1
DA:107,1
DA:111,3
DA:112,1
DA:113,1
DA:114,3
DA:120,1
DA:124,3
DA:125,1
DA:126,1
DA:127,3
DA:131,1
DA:133,2
DA:137,1
DA:139,2
DA:140,5
LF:52
LH:52
end_of_record
SF:lib\domain\usecases\movie\get_movie_detail.dart
DA:10,1
DA:12,1
DA:13,2
LF:3
LH:3
end_of_record
SF:lib\domain\usecases\movie\get_movie_recommendations.dart
DA:10,1
DA:12,1
DA:13,2
LF:3
LH:3
end_of_record
SF:lib\domain\usecases\movie\get_now_playing_movies.dart
DA:10,1
DA:12,1
DA:13,2
LF:3
LH:3
end_of_record
SF:lib\domain\usecases\movie\get_popular_movies.dart
DA:10,1
DA:12,1
DA:13,2
LF:3
LH:3
end_of_record
SF:lib\domain\usecases\movie\get_top_rated_movies.dart
DA:10,1
DA:12,1
DA:13,2
LF:3
LH:3
end_of_record
SF:lib\domain\usecases\movie\get_watchlist_movies.dart
DA:10,1
DA:12,1
DA:13,2
LF:3
LH:3
end_of_record
SF:lib\domain\usecases\movie\get_watchlist_status.dart
DA:9,1
DA:11,1
DA:12,2
DA:15,1
DA:16,2
LF:5
LH:5
end_of_record
SF:lib\domain\usecases\movie\search_movies.dart
DA:10,1
DA:12,1
DA:13,2
LF:3
LH:3
end_of_record
SF:lib\domain\usecases\remove_watchlist.dart
DA:13,1
DA:15,1
DA:16,2
DA:19,1
DA:20,2
LF:5
LH:5
end_of_record
SF:lib\domain\usecases\save_watchlist.dart
DA:13,1
DA:15,1
DA:16,2
DA:19,1
DA:20,2
LF:5
LH:5
end_of_record
SF:lib\domain\usecases\tv\get_now_playing_tv.dart
DA:10,1
DA:12,1
DA:13,2
LF:3
LH:3
end_of_record
SF:lib\domain\usecases\tv\get_popular_tv.dart
DA:9,1
DA:11,1
DA:12,2
LF:3
LH:3
end_of_record
SF:lib\domain\usecases\tv\get_top_rated_tv.dart
DA:9,1
DA:11,1
DA:12,2
LF:3
LH:3
end_of_record
SF:lib\domain\usecases\tv\get_tv_detail.dart
DA:10,1
DA:12,1
DA:13,2
LF:3
LH:3
end_of_record
SF:lib\domain\usecases\tv\get_tv_reccomendations.dart
DA:10,1
DA:12,1
DA:13,2
LF:3
LH:3
end_of_record
SF:lib\domain\usecases\tv\get_watchlist_tv.dart
DA:10,1
DA:12,1
DA:13,2
LF:3
LH:3
end_of_record
SF:lib\domain\usecases\tv\search_tv.dart
DA:10,1
DA:12,1
DA:13,2
LF:3
LH:3
end_of_record
SF:lib\presentation\bloc\movie\movie_detail_event.dart
DA:4,1
DA:6,0
DA:7,0
DA:13,1
DA:15,0
DA:16,0
LF:6
LH:2
end_of_record
SF:lib\presentation\bloc\movie\movie_detail_state.dart
DA:4,2
DA:6,1
DA:7,1
DA:17,1
DA:22,1
DA:23,1
DA:24,1
DA:25,1
DA:32,2
DA:34,1
DA:35,2
LF:11
LH:11
end_of_record
SF:lib\presentation\bloc\movie\movie_detail_bloc.dart
DA:16,1
DA:19,2
DA:20,1
DA:21,1
DA:22,1
DA:24,2
DA:25,2
DA:26,2
DA:27,1
DA:28,1
DA:29,3
DA:31,1
DA:32,1
DA:33,1
DA:35,1
DA:36,0
LF:16
LH:15
end_of_record
SF:lib\presentation\bloc\movie\now_playing_movie_event.dart
DA:4,1
DA:6,0
DA:7,0
DA:11,0
DA:12,0
LF:5
LH:1
end_of_record
SF:lib\presentation\bloc\movie\now_playing_movie_state.dart
DA:4,2
DA:6,1
DA:7,1
DA:17,1
DA:19,1
DA:20,2
DA:26,2
DA:28,1
DA:29,2
LF:9
LH:9
end_of_record
SF:lib\presentation\bloc\movie\now_playing_movie_bloc.dart
DA:16,1
DA:17,2
DA:18,1
DA:19,1
DA:20,2
DA:21,2
DA:22,1
DA:23,1
DA:24,3
DA:26,1
DA:27,2
LF:11
LH:11
end_of_record
SF:lib\presentation\bloc\movie\popular_movie_state.dart
DA:4,2
DA:6,1
DA:7,1
DA:17,1
DA:19,1
DA:20,2
DA:26,2
DA:28,1
DA:29,2
LF:9
LH:9
end_of_record
SF:lib\presentation\bloc\movie\popular_movie_bloc.dart
DA:15,3
DA:16,1
DA:17,1
DA:18,2
DA:19,2
DA:20,1
DA:21,1
DA:22,3
DA:24,1
DA:25,2
LF:10
LH:10
end_of_record
SF:lib\presentation\bloc\movie\popular_movie_event.dart
DA:4,1
DA:6,0
DA:7,0
LF:3
LH:1
end_of_record
SF:lib\presentation\bloc\movie\search_bloc.dart
DA:16,3
DA:17,1
DA:18,1
DA:19,1
DA:21,2
DA:22,2
DA:24,1
DA:25,1
DA:26,3
DA:28,1
DA:29,2
DA:33,1
LF:12
LH:12
end_of_record
SF:lib\presentation\bloc\movie\search_state.dart
DA:4,2
DA:6,1
DA:7,1
DA:17,2
DA:19,1
DA:20,2
DA:26,1
DA:28,1
DA:29,2
LF:9
LH:9
end_of_record
SF:lib\presentation\bloc\movie\search_event.dart
DA:4,1
DA:6,0
DA:7,0
DA:13,1
DA:15,0
DA:16,0
LF:6
LH:2
end_of_record
SF:lib\presentation\bloc\movie\movie_watchlist_event.dart
DA:4,1
DA:6,0
DA:7,0
DA:15,0
DA:17,0
DA:18,0
DA:24,0
DA:26,0
DA:27,0
DA:33,0
DA:35,0
DA:36,0
LF:12
LH:1
end_of_record
SF:lib\presentation\bloc\movie\movie_watchlist_state.dart
DA:4,2
DA:6,1
DA:7,1
DA:17,2
DA:19,1
DA:20,2
DA:26,1
DA:28,1
DA:29,2
DA:35,0
DA:37,0
DA:38,0
DA:44,0
DA:46,0
DA:47,0
LF:15
LH:9
end_of_record
SF:lib\presentation\bloc\movie\movie_watchlist_bloc.dart
DA:21,1
DA:26,2
DA:27,1
DA:28,1
DA:29,2
DA:30,2
DA:32,1
DA:33,1
DA:34,3
DA:36,1
DA:37,2
DA:42,1
DA:43,0
DA:44,0
DA:45,0
DA:46,0
DA:49,1
DA:50,0
DA:51,0
DA:52,0
DA:53,0
DA:54,0
DA:55,0
DA:57,0
DA:58,0
DA:63,1
DA:64,0
DA:65,0
DA:66,0
DA:67,0
DA:68,0
DA:69,0
DA:71,0
DA:72,0
LF:34
LH:14
end_of_record
SF:lib\presentation\bloc\movie\top_rated_movie_event.dart
DA:4,1
DA:6,0
DA:7,0
DA:11,0
DA:12,0
LF:5
LH:1
end_of_record
SF:lib\presentation\bloc\movie\top_rated_movie_state.dart
DA:4,2
DA:6,1
DA:7,1
DA:17,2
DA:19,1
DA:20,2
DA:26,1
DA:28,1
DA:29,2
LF:9
LH:9
end_of_record
SF:lib\presentation\bloc\movie\top_rated_movie_bloc.dart
DA:13,3
DA:14,1
DA:15,1
DA:16,2
DA:17,2
DA:18,1
DA:19,1
DA:20,3
DA:22,1
DA:23,2
LF:10
LH:10
end_of_record
SF:lib\presentation\bloc\tv\now_playing_tv_bloc.dart
DA:15,3
DA:16,1
DA:17,1
DA:18,2
DA:19,2
DA:20,1
DA:21,1
DA:22,3
DA:24,1
DA:25,2
LF:10
LH:10
end_of_record
SF:lib\presentation\bloc\tv\now_playing_tv_state.dart
DA:4,2
DA:6,1
DA:7,1
DA:17,1
DA:19,1
DA:20,2
DA:26,2
DA:28,1
DA:29,2
LF:9
LH:9
end_of_record
SF:lib\presentation\bloc\tv\now_playing_tv_event.dart
DA:4,1
DA:6,0
DA:7,0
LF:3
LH:1
end_of_record
SF:lib\presentation\bloc\tv\popular_tv_state.dart
DA:4,2
DA:6,1
DA:7,1
DA:17,1
DA:19,1
DA:20,2
DA:26,2
DA:28,1
DA:29,2
LF:9
LH:9
end_of_record
SF:lib\presentation\bloc\tv\popular_tv_bloc.dart
DA:15,3
DA:16,2
DA:17,2
DA:18,2
DA:19,1
DA:20,1
DA:21,3
DA:23,1
DA:24,2
LF:9
LH:9
end_of_record
SF:lib\presentation\bloc\tv\popular_tv_event.dart
DA:4,1
DA:6,0
DA:7,0
LF:3
LH:1
end_of_record
SF:lib\presentation\bloc\tv\search_tv_event.dart
DA:4,1
DA:6,0
DA:7,0
DA:13,1
DA:15,0
DA:16,0
LF:6
LH:2
end_of_record
SF:lib\presentation\bloc\tv\search_tv_bloc.dart
DA:15,3
DA:16,1
DA:17,1
DA:18,1
DA:20,2
DA:21,2
DA:23,1
DA:24,1
DA:25,3
DA:27,1
DA:28,2
DA:32,1
LF:12
LH:12
end_of_record
SF:lib\presentation\bloc\tv\search_tv_state.dart
DA:4,2
DA:6,1
DA:7,1
DA:17,2
DA:19,1
DA:20,2
DA:26,1
DA:28,1
DA:29,2
LF:9
LH:9
end_of_record
SF:lib\presentation\bloc\tv\tv_watchlist_state.dart
DA:4,2
DA:6,1
DA:7,1
DA:17,1
DA:19,1
DA:20,2
DA:26,2
DA:28,1
DA:29,2
DA:35,0
DA:37,0
DA:38,0
DA:44,0
DA:46,0
DA:47,0
LF:15
LH:9
end_of_record
SF:lib\presentation\bloc\tv\tv_watchlist_bloc.dart
DA:22,1
DA:27,2
DA:28,1
DA:29,1
DA:30,2
DA:31,2
DA:32,1
DA:33,1
DA:34,3
DA:36,1
DA:37,2
DA:42,1
DA:43,0
DA:44,0
DA:45,0
DA:46,0
DA:49,1
DA:50,0
DA:51,0
DA:52,0
DA:53,0
DA:54,0
DA:55,0
DA:57,0
DA:58,0
DA:63,1
DA:64,0
DA:65,0
DA:66,0
DA:67,0
DA:68,0
DA:69,0
DA:71,0
DA:72,0
LF:34
LH:14
end_of_record
SF:lib\presentation\bloc\tv\tv_watchlist_event.dart
DA:4,1
DA:6,0
DA:7,0
DA:15,0
DA:17,0
DA:18,0
DA:24,0
DA:26,0
DA:27,0
DA:33,0
DA:35,0
DA:36,0
LF:12
LH:1
end_of_record
SF:lib\presentation\bloc\tv\top_rated_tv_event.dart
DA:4,1
DA:6,0
DA:7,0
LF:3
LH:1
end_of_record
SF:lib\presentation\bloc\tv\top_rated_tv_bloc.dart
DA:13,3
DA:14,2
DA:15,2
DA:16,2
DA:17,1
DA:18,1
DA:19,3
DA:21,1
DA:22,2
LF:9
LH:9
end_of_record
SF:lib\presentation\bloc\tv\top_rated_tv_state.dart
DA:4,2
DA:6,1
DA:7,1
DA:17,1
DA:19,1
DA:20,2
DA:26,2
DA:28,1
DA:29,2
LF:9
LH:9
end_of_record
SF:lib\presentation\bloc\tv\tv_detail_event.dart
DA:4,1
DA:6,0
DA:7,0
DA:13,1
DA:15,0
DA:16,0
LF:6
LH:2
end_of_record
SF:lib\presentation\bloc\tv\tv_detail_state.dart
DA:4,2
DA:6,1
DA:7,1
DA:17,1
DA:22,1
DA:23,1
DA:24,1
DA:25,1
DA:32,2
DA:34,1
DA:35,2
LF:11
LH:11
end_of_record
SF:lib\presentation\bloc\tv\tv_detail_bloc.dart
DA:18,1
DA:21,2
DA:22,2
DA:23,1
DA:24,2
DA:25,2
DA:26,2
DA:27,1
DA:28,1
DA:29,3
DA:31,1
DA:32,1
DA:33,1
DA:35,1
DA:36,0
LF:15
LH:14
end_of_record
